#
# A fatal error has been detected by the Java Runtime Environment:
#
#  SIGSEGV (0xb) at pc=0x000000010782e994, pid=70089, tid=0x0000000000004503
#
# JRE version: Java(TM) SE Runtime Environment (8.0_131-b11) (build 1.8.0_131-b11)
# Java VM: Java HotSpot(TM) 64-Bit Server VM (25.131-b11 mixed mode bsd-amd64 compressed oops)
# Problematic frame:
# V  [libjvm.dylib+0x4b8994]
#
# Failed to write core dump. Core dumps have been disabled. To enable core dumping, try "ulimit -c unlimited" before starting Java again
#
# If you would like to submit a bug report, please visit:
#   http://bugreport.java.com/bugreport/crash.jsp
#

---------------  T H R E A D  ---------------

Current thread (0x00007f81d4024800):  JavaThread "C2 CompilerThread1" daemon [_thread_in_native, id=17667, stack(0x000070000a6a5000,0x000070000a7a5000)]

siginfo: si_signo: 11 (SIGSEGV), si_code: 1 (SEGV_MAPERR), si_addr: 0x0000000000000000

Registers:
RAX=0x0000000000000000, RBX=0x0000000000000000, RCX=0x00007f81d4242e10, RDX=0x00007f81d4242e10
RSP=0x000070000a7a15d0, RBP=0x000070000a7a1710, RSI=0x00007f81d5a26c10, RDI=0x000070000a7a24e0
R8 =0x00007f81d4975770, R9 =0x00007f81d4975730, R10=0x00007f81d4242e10, R11=0xfffffffffff2f3d0
R12=0x00000000000003e7, R13=0x0000000000000001, R14=0x0000000000000002, R15=0x00007f81d49de280
RIP=0x000000010782e994, EFLAGS=0x0000000000010246, ERR=0x0000000000000006
  TRAPNO=0x000000000000000e

Top of Stack: (sp=0x000070000a7a15d0)
0x000070000a7a15d0:   0000700000000001 00007000ffffffff
0x000070000a7a15e0:   000070000a7a1640 0000000000000048
0x000070000a7a15f0:   00007f81d4976790 000000e200000008
0x000070000a7a1600:   00007f81d4249070 00007f81d4248780
0x000070000a7a1610:   00007f8100000002 0000000000000012
0x000070000a7a1620:   0000000000012418 00007f81d59b6c30
0x000070000a7a1630:   00007f81d4490c68 000070000a7a24e0
0x000070000a7a1640:   00007f81d4975730 00007f81d4975770
0x000070000a7a1650:   0000000000000000 0000000000000000
0x000070000a7a1660:   0000000000000000 0000000000000000
0x000070000a7a1670:   0000000000000000 000000011eb03cb4
0x000070000a7a1680:   0000000000000000 000000011eb03c90
0x000070000a7a1690:   000000011eb03c98 000000011eb03ca0
0x000070000a7a16a0:   0000001000000004 0000000000000000
0x000070000a7a16b0:   000004ef00000007 00007f81d4249960
0x000070000a7a16c0:   00007f81d3c14c20 00007f81d4242e00
0x000070000a7a16d0:   00007f81d4248780 00007f81d424ade8
0x000070000a7a16e0:   00000000000917e8 000070000a7a24e0
0x000070000a7a16f0:   000070000a7a1730 000070000a7a1918
0x000070000a7a1700:   000070000a7a25c8 0000000107c5e5b0
0x000070000a7a1710:   000070000a7a1a20 00000001074d7d96
0x000070000a7a1720:   000070000a7a1750 00000001073df067
0x000070000a7a1730:   0000000107c40b40 00007f810000000d
0x000070000a7a1740:   000070000a7a3f80 000070000a7a24e0
0x000070000a7a1750:   0000700000000007 000070000a7a1760
0x000070000a7a1760:   00007f81d42bcb60 0000000107c5e5b0
0x000070000a7a1770:   0000000107c5e5b0 0000000107c5e5b0
0x000070000a7a1780:   0000000107c5e5b0 0000000107c5e5b0
0x000070000a7a1790:   00007f81d4326878 0000000000000000
0x000070000a7a17a0:   0000000000000000 0000000000000000
0x000070000a7a17b0:   0000000000000000 0000000000000000
0x000070000a7a17c0:   000070000a7a18d8 000070000a7a2610 

Instructions: (pc=0x000000010782e994)
0x000000010782e974:   38 ff ff ff 4c 8b 8d 30 ff ff ff e8 44 ee ff ff
0x000000010782e984:   48 8b 8d 08 ff ff ff 29 c1 48 89 8d 08 ff ff ff
0x000000010782e994:   48 8b 8d 08 ff ff ff ff c1 48 89 8d 08 ff ff ff
0x000000010782e9a4:   48 8b 85 18 ff ff ff 3b 48 28 0f 83 18 09 00 00 

Register to memory mapping:

RAX=0x0000000000000000 is an unknown value
RBX=0x0000000000000000 is an unknown value
RCX=0x00007f81d4242e10 is an unknown value
RDX=0x00007f81d4242e10 is an unknown value
RSP=0x000070000a7a15d0 is pointing into the stack for thread: 0x00007f81d4024800
RBP=0x000070000a7a1710 is pointing into the stack for thread: 0x00007f81d4024800
RSI=0x00007f81d5a26c10 is an unknown value
RDI=0x000070000a7a24e0 is pointing into the stack for thread: 0x00007f81d4024800
R8 =0x00007f81d4975770 is an unknown value
R9 =0x00007f81d4975730 is an unknown value
R10=0x00007f81d4242e10 is an unknown value
R11=0xfffffffffff2f3d0 is an unknown value
R12=0x00000000000003e7 is an unknown value
R13=0x0000000000000001 is an unknown value
R14=0x0000000000000002 is an unknown value
R15=0x00007f81d49de280 is an unknown value


Stack: [0x000070000a6a5000,0x000070000a7a5000],  sp=0x000070000a7a15d0,  free space=1009k
Native frames: (J=compiled Java code, j=interpreted, Vv=VM code, C=native code)
V  [libjvm.dylib+0x4b8994]
V  [libjvm.dylib+0x161d96]
V  [libjvm.dylib+0x1af9ca]
V  [libjvm.dylib+0x1b3b65]
V  [libjvm.dylib+0x150ffe]
V  [libjvm.dylib+0x1b71f8]
V  [libjvm.dylib+0x1b973f]
V  [libjvm.dylib+0x56b87f]
V  [libjvm.dylib+0x56cf6c]
V  [libjvm.dylib+0x48b376]
C  [libsystem_pthread.dylib+0x393b]  _pthread_body+0xb4
C  [libsystem_pthread.dylib+0x3887]  _pthread_body+0x0
C  [libsystem_pthread.dylib+0x308d]  thread_start+0xd
C  0x0000000000000000


Current CompileTask:
C2:    399  487  s    4       sun.misc.URLClassPath::getNextLoader (88 bytes)


---------------  P R O C E S S  ---------------

Java Threads: ( => current thread )
  0x00007f81d5a4c000 JavaThread "process reaper" daemon [_thread_blocked, id=19715, stack(0x000070000aab1000,0x000070000aad9000)]
  0x00007f81d5852000 JavaThread "Service Thread" daemon [_thread_blocked, id=18691, stack(0x000070000a8ab000,0x000070000a9ab000)]
  0x00007f81d4025800 JavaThread "C1 CompilerThread2" daemon [_thread_blocked, id=18179, stack(0x000070000a7a8000,0x000070000a8a8000)]
=>0x00007f81d4024800 JavaThread "C2 CompilerThread1" daemon [_thread_in_native, id=17667, stack(0x000070000a6a5000,0x000070000a7a5000)]
  0x00007f81d5879000 JavaThread "C2 CompilerThread0" daemon [_thread_in_native, id=17155, stack(0x000070000a5a2000,0x000070000a6a2000)]
  0x00007f81d5846000 JavaThread "Signal Dispatcher" daemon [_thread_blocked, id=16643, stack(0x000070000a49f000,0x000070000a59f000)]
  0x00007f81d4003000 JavaThread "Finalizer" daemon [_thread_blocked, id=12547, stack(0x000070000a39c000,0x000070000a49c000)]
  0x00007f81d5838800 JavaThread "Reference Handler" daemon [_thread_blocked, id=12035, stack(0x000070000a299000,0x000070000a399000)]
  0x00007f81d5806000 JavaThread "main" [_thread_in_Java, id=7171, stack(0x0000700009c87000,0x0000700009d87000)]

Other Threads:
  0x00007f81d4002800 VMThread [stack: 0x000070000a196000,0x000070000a296000] [id=11523]
  0x00007f81d4033800 WatcherThread [stack: 0x000070000a9ae000,0x000070000aaae000] [id=19203]

VM state:not at safepoint (normal execution)

VM Mutex/Monitor currently owned by a thread: None

Heap:
 PSYoungGen      total 38400K, used 13381K [0x0000000795580000, 0x0000000798000000, 0x00000007c0000000)
  eden space 33280K, 40% used [0x0000000795580000,0x00000007962915e0,0x0000000797600000)
  from space 5120K, 0% used [0x0000000797b00000,0x0000000797b00000,0x0000000798000000)
  to   space 5120K, 0% used [0x0000000797600000,0x0000000797600000,0x0000000797b00000)
 ParOldGen       total 87552K, used 0K [0x0000000740000000, 0x0000000745580000, 0x0000000795580000)
  object space 87552K, 0% used [0x0000000740000000,0x0000000740000000,0x0000000745580000)
 Metaspace       used 7069K, capacity 7316K, committed 7680K, reserved 1056768K
  class space    used 809K, capacity 906K, committed 1024K, reserved 1048576K

Card table byte_map: [0x0000000106bc0000,0x0000000106fc1000] byte_map_base: 0x00000001031c0000

Marking Bits: (ParMarkBitMap*) 0x0000000107c67ea0
 Begin Bits: [0x0000000117319000, 0x0000000119319000)
 End Bits:   [0x0000000119319000, 0x000000011b319000)

Polling page: 0x0000000105f07000

CodeCache: size=245760Kb used=2331Kb max_used=2331Kb free=243428Kb
 bounds [0x0000000108319000, 0x0000000108589000, 0x0000000117319000]
 total_blobs=830 nmethods=515 adapters=229
 compilation: enabled

Compilation events (10 events):
Event: 0.375 Thread 0x00007f81d5879000  490       4       java.lang.String::replace (127 bytes)
Event: 0.380 Thread 0x00007f81d4025800 nmethod 499 0x0000000108551fd0 code [0x0000000108552140, 0x00000001085522b0]
Event: 0.380 Thread 0x00007f81d4025800  501       3       java.io.File::<init> (113 bytes)
Event: 0.381 Thread 0x00007f81d4025800 nmethod 501 0x0000000108550d90 code [0x0000000108550fe0, 0x0000000108551ad8]
Event: 0.381 Thread 0x00007f81d4025800  502  s    3       java.net.URL::hashCode (30 bytes)
Event: 0.381 Thread 0x00007f81d4025800 nmethod 502 0x0000000108550710 code [0x0000000108550880, 0x0000000108550ca8]
Event: 0.381 Thread 0x00007f81d4025800  503  s    3       java.util.Vector::addElement (38 bytes)
Event: 0.382 Thread 0x00007f81d4025800 nmethod 503 0x000000010854fe50 code [0x000000010854ffe0, 0x0000000108550508]
Event: 0.383 Thread 0x00007f81d5879000 nmethod 490 0x000000010854e1d0 code [0x000000010854e340, 0x000000010854e7b8]
Event: 0.383 Thread 0x00007f81d5879000  500   !   4       sun.misc.URLClassPath$JarLoader::getResource (85 bytes)

GC Heap History (0 events):
No events

Deoptimization events (1 events):
Event: 0.233 Thread 0x00007f81d5806000 Uncommon trap: reason=unstable_if action=reinterpret pc=0x00000001084d70dc method=java.lang.String.replace(CC)Ljava/lang/String; @ 26

Internal exceptions (9 events):
Event: 0.033 Thread 0x00007f81d5806000 Exception <a 'java/lang/NoSuchMethodError': Method sun.misc.Unsafe.defineClass(Ljava/lang/String;[BII)Ljava/lang/Class; name or signature does not match> (0x0000000795587ca8) thrown at [/Users/java_re/workspace/8-2-build-macosx-x86_64/jdk8u131/8869/hotspo
Event: 0.033 Thread 0x00007f81d5806000 Exception <a 'java/lang/NoSuchMethodError': Method sun.misc.Unsafe.prefetchRead(Ljava/lang/Object;J)V name or signature does not match> (0x0000000795587f90) thrown at [/Users/java_re/workspace/8-2-build-macosx-x86_64/jdk8u131/8869/hotspot/src/share/vm/pri
Event: 0.155 Thread 0x00007f81d5806000 Exception <a 'java/security/PrivilegedActionException'> (0x0000000795891cb0) thrown at [/Users/java_re/workspace/8-2-build-macosx-x86_64/jdk8u131/8869/hotspot/src/share/vm/prims/jvm.cpp, line 1390]
Event: 0.155 Thread 0x00007f81d5806000 Exception <a 'java/security/PrivilegedActionException'> (0x0000000795891ec0) thrown at [/Users/java_re/workspace/8-2-build-macosx-x86_64/jdk8u131/8869/hotspot/src/share/vm/prims/jvm.cpp, line 1390]
Event: 0.156 Thread 0x00007f81d5806000 Exception <a 'java/security/PrivilegedActionException'> (0x00000007958953d8) thrown at [/Users/java_re/workspace/8-2-build-macosx-x86_64/jdk8u131/8869/hotspot/src/share/vm/prims/jvm.cpp, line 1390]
Event: 0.156 Thread 0x00007f81d5806000 Exception <a 'java/security/PrivilegedActionException'> (0x00000007958955e8) thrown at [/Users/java_re/workspace/8-2-build-macosx-x86_64/jdk8u131/8869/hotspot/src/share/vm/prims/jvm.cpp, line 1390]
Event: 0.166 Thread 0x00007f81d5806000 Exception <a 'java/io/IOException'> (0x00000007958d3038) thrown at [/Users/java_re/workspace/8-2-build-macosx-x86_64/jdk8u131/8869/hotspot/src/share/vm/prims/jni.cpp, line 709]
Event: 0.202 Thread 0x00007f81d5806000 Exception <a 'java/lang/NoSuchFieldError': method resolution failed> (0x00000007959b25b0) thrown at [/Users/java_re/workspace/8-2-build-macosx-x86_64/jdk8u131/8869/hotspot/src/share/vm/prims/methodHandles.cpp, line 1146]
Event: 0.204 Thread 0x00007f81d5806000 Exception <a 'java/lang/NoSuchFieldError': method resolution failed> (0x00000007959bfd00) thrown at [/Users/java_re/workspace/8-2-build-macosx-x86_64/jdk8u131/8869/hotspot/src/share/vm/prims/methodHandles.cpp, line 1146]

Events (10 events):
Event: 0.381 loading class com/google/inject/spi/Dependency
Event: 0.381 loading class com/google/inject/spi/Dependency done
Event: 0.382 loading class com/google/inject/binder/AnnotatedBindingBuilder
Event: 0.382 loading class com/google/inject/binder/AnnotatedBindingBuilder done
Event: 0.382 loading class com/google/inject/binder/LinkedBindingBuilder
Event: 0.382 loading class com/google/inject/binder/LinkedBindingBuilder done
Event: 0.382 loading class com/google/inject/binder/ScopedBindingBuilder
Event: 0.382 loading class com/google/inject/binder/ScopedBindingBuilder done
Event: 0.383 loading class org/eclipse/sisu/bean/BeanScheduler$CycleActivator
Event: 0.383 loading class org/eclipse/sisu/bean/BeanScheduler$CycleActivator done


Dynamic libraries:
0x0000000035c40000 	/System/Library/Frameworks/Cocoa.framework/Versions/A/Cocoa
0x0000000035c40000 	/System/Library/Frameworks/Security.framework/Versions/A/Security
0x0000000035c40000 	/System/Library/Frameworks/ApplicationServices.framework/Versions/A/ApplicationServices
0x0000000035c40000 	/usr/lib/libz.1.dylib
0x0000000035c40000 	/usr/lib/libSystem.B.dylib
0x0000000035c40000 	/usr/lib/libobjc.A.dylib
0x0000000035c40000 	/System/Library/Frameworks/CoreFoundation.framework/Versions/A/CoreFoundation
0x0000000035c40000 	/System/Library/Frameworks/Foundation.framework/Versions/C/Foundation
0x0000000035c40000 	/System/Library/Frameworks/AppKit.framework/Versions/C/AppKit
0x0000000035c40000 	/System/Library/Frameworks/CoreData.framework/Versions/A/CoreData
0x0000000035c40000 	/System/Library/PrivateFrameworks/RemoteViewServices.framework/Versions/A/RemoteViewServices
0x0000000035c40000 	/System/Library/PrivateFrameworks/UIFoundation.framework/Versions/A/UIFoundation
0x0000000035c40000 	/System/Library/PrivateFrameworks/DFRFoundation.framework/Versions/A/DFRFoundation
0x0000000035c40000 	/usr/lib/libenergytrace.dylib
0x0000000035c40000 	/System/Library/PrivateFrameworks/SkyLight.framework/Versions/A/SkyLight
0x0000000035c40000 	/System/Library/Frameworks/CoreGraphics.framework/Versions/A/CoreGraphics
0x0000000035c40000 	/usr/lib/libScreenReader.dylib
0x0000000035c40000 	/System/Library/Frameworks/Accelerate.framework/Versions/A/Accelerate
0x0000000035c40000 	/System/Library/Frameworks/IOSurface.framework/Versions/A/IOSurface
0x0000000035c40000 	/System/Library/Frameworks/AudioToolbox.framework/Versions/A/AudioToolbox
0x0000000035c40000 	/System/Library/Frameworks/AudioUnit.framework/Versions/A/AudioUnit
0x0000000035c40000 	/System/Library/PrivateFrameworks/DataDetectorsCore.framework/Versions/A/DataDetectorsCore
0x0000000035c40000 	/System/Library/PrivateFrameworks/DesktopServicesPriv.framework/Versions/A/DesktopServicesPriv
0x0000000035c40000 	/System/Library/Frameworks/Carbon.framework/Versions/A/Frameworks/HIToolbox.framework/Versions/A/HIToolbox
0x0000000035c40000 	/usr/lib/libicucore.A.dylib
0x0000000035c40000 	/System/Library/Frameworks/QuartzCore.framework/Versions/A/QuartzCore
0x0000000035c40000 	/System/Library/Frameworks/Carbon.framework/Versions/A/Frameworks/SpeechRecognition.framework/Versions/A/SpeechRecognition
0x0000000035c40000 	/usr/lib/libauto.dylib
0x0000000035c40000 	/usr/lib/libxml2.2.dylib
0x0000000035c40000 	/System/Library/PrivateFrameworks/CoreUI.framework/Versions/A/CoreUI
0x0000000035c40000 	/System/Library/Frameworks/CoreAudio.framework/Versions/A/CoreAudio
0x0000000035c40000 	/System/Library/Frameworks/DiskArbitration.framework/Versions/A/DiskArbitration
0x0000000035c40000 	/usr/lib/liblangid.dylib
0x0000000035c40000 	/System/Library/PrivateFrameworks/MultitouchSupport.framework/Versions/A/MultitouchSupport
0x0000000035c40000 	/System/Library/Frameworks/IOKit.framework/Versions/A/IOKit
0x0000000035c40000 	/usr/lib/libDiagnosticMessagesClient.dylib
0x0000000035c40000 	/System/Library/Frameworks/CoreServices.framework/Versions/A/CoreServices
0x0000000035c40000 	/System/Library/PrivateFrameworks/PerformanceAnalysis.framework/Versions/A/PerformanceAnalysis
0x0000000035c40000 	/System/Library/PrivateFrameworks/GenerationalStorage.framework/Versions/A/GenerationalStorage
0x0000000035c40000 	/System/Library/Frameworks/OpenGL.framework/Versions/A/OpenGL
0x0000000035c40000 	/System/Library/Frameworks/CoreImage.framework/Versions/A/CoreImage
0x0000000035c40000 	/System/Library/Frameworks/CoreText.framework/Versions/A/CoreText
0x0000000035c40000 	/System/Library/Frameworks/ImageIO.framework/Versions/A/ImageIO
0x0000000035c40000 	/System/Library/PrivateFrameworks/Backup.framework/Versions/A/Backup
0x0000000035c40000 	/usr/lib/libarchive.2.dylib
0x0000000035c40000 	/System/Library/Frameworks/CFNetwork.framework/Versions/A/CFNetwork
0x0000000035c40000 	/System/Library/Frameworks/SystemConfiguration.framework/Versions/A/SystemConfiguration
0x0000000035c40000 	/usr/lib/libCRFSuite.dylib
0x0000000035c40000 	/usr/lib/libc++.1.dylib
0x0000000035c40000 	/usr/lib/libc++abi.dylib
0x0000000035c40000 	/usr/lib/system/libcache.dylib
0x0000000035c40000 	/usr/lib/system/libcommonCrypto.dylib
0x0000000035c40000 	/usr/lib/system/libcompiler_rt.dylib
0x0000000035c40000 	/usr/lib/system/libcopyfile.dylib
0x0000000035c40000 	/usr/lib/system/libcorecrypto.dylib
0x0000000035c40000 	/usr/lib/system/libdispatch.dylib
0x0000000035c40000 	/usr/lib/system/libdyld.dylib
0x0000000035c40000 	/usr/lib/system/libkeymgr.dylib
0x0000000035c40000 	/usr/lib/system/liblaunch.dylib
0x0000000035c40000 	/usr/lib/system/libmacho.dylib
0x0000000035c40000 	/usr/lib/system/libquarantine.dylib
0x0000000035c40000 	/usr/lib/system/libremovefile.dylib
0x0000000035c40000 	/usr/lib/system/libsystem_asl.dylib
0x0000000035c40000 	/usr/lib/system/libsystem_blocks.dylib
0x0000000035c40000 	/usr/lib/system/libsystem_c.dylib
0x0000000035c40000 	/usr/lib/system/libsystem_configuration.dylib
0x0000000035c40000 	/usr/lib/system/libsystem_coreservices.dylib
0x0000000035c40000 	/usr/lib/system/libsystem_coretls.dylib
0x0000000035c40000 	/usr/lib/system/libsystem_dnssd.dylib
0x0000000035c40000 	/usr/lib/system/libsystem_info.dylib
0x0000000035c40000 	/usr/lib/system/libsystem_kernel.dylib
0x0000000035c40000 	/usr/lib/system/libsystem_m.dylib
0x0000000035c40000 	/usr/lib/system/libsystem_malloc.dylib
0x0000000035c40000 	/usr/lib/system/libsystem_network.dylib
0x0000000035c40000 	/usr/lib/system/libsystem_networkextension.dylib
0x0000000035c40000 	/usr/lib/system/libsystem_notify.dylib
0x0000000035c40000 	/usr/lib/system/libsystem_platform.dylib
0x0000000035c40000 	/usr/lib/system/libsystem_pthread.dylib
0x0000000035c40000 	/usr/lib/system/libsystem_sandbox.dylib
0x0000000035c40000 	/usr/lib/system/libsystem_secinit.dylib
0x0000000035c40000 	/usr/lib/system/libsystem_symptoms.dylib
0x0000000035c40000 	/usr/lib/system/libsystem_trace.dylib
0x0000000035c40000 	/usr/lib/system/libunwind.dylib
0x0000000035c40000 	/usr/lib/system/libxpc.dylib
0x0000000035c40000 	/usr/lib/libbsm.0.dylib
0x0000000035c40000 	/usr/lib/system/libkxld.dylib
0x0000000035c40000 	/usr/lib/libcoretls.dylib
0x0000000035c40000 	/usr/lib/libcoretls_cfhelpers.dylib
0x0000000035c40000 	/usr/lib/libOpenScriptingUtil.dylib
0x0000000035c40000 	/usr/lib/libpam.2.dylib
0x0000000035c40000 	/usr/lib/libsqlite3.dylib
0x0000000035c40000 	/usr/lib/libxar.1.dylib
0x0000000035c40000 	/usr/lib/libbz2.1.0.dylib
0x0000000035c40000 	/usr/lib/liblzma.5.dylib
0x0000000035c40000 	/usr/lib/libnetwork.dylib
0x0000000035c40000 	/usr/lib/libpcap.A.dylib
0x0000000035c40000 	/System/Library/Frameworks/CoreServices.framework/Versions/A/Frameworks/FSEvents.framework/Versions/A/FSEvents
0x0000000035c40000 	/System/Library/Frameworks/CoreServices.framework/Versions/A/Frameworks/CarbonCore.framework/Versions/A/CarbonCore
0x0000000035c40000 	/System/Library/Frameworks/CoreServices.framework/Versions/A/Frameworks/Metadata.framework/Versions/A/Metadata
0x0000000035c40000 	/System/Library/Frameworks/CoreServices.framework/Versions/A/Frameworks/OSServices.framework/Versions/A/OSServices
0x0000000035c40000 	/System/Library/Frameworks/CoreServices.framework/Versions/A/Frameworks/SearchKit.framework/Versions/A/SearchKit
0x0000000035c40000 	/System/Library/Frameworks/CoreServices.framework/Versions/A/Frameworks/AE.framework/Versions/A/AE
0x0000000035c40000 	/System/Library/Frameworks/CoreServices.framework/Versions/A/Frameworks/LaunchServices.framework/Versions/A/LaunchServices
0x0000000035c40000 	/System/Library/Frameworks/CoreServices.framework/Versions/A/Frameworks/DictionaryServices.framework/Versions/A/DictionaryServices
0x0000000035c40000 	/System/Library/Frameworks/CoreServices.framework/Versions/A/Frameworks/SharedFileList.framework/Versions/A/SharedFileList
0x0000000035c40000 	/System/Library/Frameworks/NetFS.framework/Versions/A/NetFS
0x0000000035c40000 	/System/Library/PrivateFrameworks/NetAuth.framework/Versions/A/NetAuth
0x0000000035c40000 	/System/Library/PrivateFrameworks/login.framework/Versions/A/Frameworks/loginsupport.framework/Versions/A/loginsupport
0x0000000035c40000 	/System/Library/PrivateFrameworks/TCC.framework/Versions/A/TCC
0x0000000035c40000 	/usr/lib/libmecabra.dylib
0x0000000035c40000 	/System/Library/Frameworks/ApplicationServices.framework/Versions/A/Frameworks/ATS.framework/Versions/A/ATS
0x0000000035c40000 	/System/Library/Frameworks/ApplicationServices.framework/Versions/A/Frameworks/ColorSync.framework/Versions/A/ColorSync
0x0000000035c40000 	/System/Library/Frameworks/ApplicationServices.framework/Versions/A/Frameworks/HIServices.framework/Versions/A/HIServices
0x0000000035c40000 	/System/Library/Frameworks/ApplicationServices.framework/Versions/A/Frameworks/LangAnalysis.framework/Versions/A/LangAnalysis
0x0000000035c40000 	/System/Library/Frameworks/ApplicationServices.framework/Versions/A/Frameworks/PrintCore.framework/Versions/A/PrintCore
0x0000000035c40000 	/System/Library/Frameworks/ApplicationServices.framework/Versions/A/Frameworks/QD.framework/Versions/A/QD
0x0000000035c40000 	/System/Library/Frameworks/ApplicationServices.framework/Versions/A/Frameworks/SpeechSynthesis.framework/Versions/A/SpeechSynthesis
0x0000000035c40000 	/System/Library/Frameworks/Accelerate.framework/Versions/A/Frameworks/vImage.framework/Versions/A/vImage
0x0000000035c40000 	/System/Library/Frameworks/Accelerate.framework/Versions/A/Frameworks/vecLib.framework/Versions/A/vecLib
0x0000000035c40000 	/System/Library/Frameworks/Accelerate.framework/Versions/A/Frameworks/vecLib.framework/Versions/A/libvDSP.dylib
0x0000000035c40000 	/System/Library/Frameworks/Accelerate.framework/Versions/A/Frameworks/vecLib.framework/Versions/A/libBNNS.dylib
0x0000000035c40000 	/System/Library/Frameworks/Accelerate.framework/Versions/A/Frameworks/vecLib.framework/Versions/A/libQuadrature.dylib
0x0000000035c40000 	/System/Library/Frameworks/Accelerate.framework/Versions/A/Frameworks/vecLib.framework/Versions/A/libvMisc.dylib
0x0000000035c40000 	/System/Library/Frameworks/Accelerate.framework/Versions/A/Frameworks/vecLib.framework/Versions/A/libLAPACK.dylib
0x0000000035c40000 	/System/Library/Frameworks/Accelerate.framework/Versions/A/Frameworks/vecLib.framework/Versions/A/libBLAS.dylib
0x0000000035c40000 	/System/Library/Frameworks/Accelerate.framework/Versions/A/Frameworks/vecLib.framework/Versions/A/libLinearAlgebra.dylib
0x0000000035c40000 	/System/Library/Frameworks/Accelerate.framework/Versions/A/Frameworks/vecLib.framework/Versions/A/libSparseBLAS.dylib
0x0000000035c40000 	/System/Library/Frameworks/ApplicationServices.framework/Versions/A/Frameworks/ATS.framework/Versions/A/Resources/libFontParser.dylib
0x0000000035c40000 	/System/Library/Frameworks/ApplicationServices.framework/Versions/A/Frameworks/ATS.framework/Versions/A/Resources/libFontRegistry.dylib
0x0000000035c40000 	/System/Library/Frameworks/ImageIO.framework/Versions/A/Resources/libJPEG.dylib
0x0000000035c40000 	/System/Library/Frameworks/ImageIO.framework/Versions/A/Resources/libTIFF.dylib
0x0000000035c40000 	/System/Library/Frameworks/ImageIO.framework/Versions/A/Resources/libPng.dylib
0x0000000035c40000 	/System/Library/Frameworks/ImageIO.framework/Versions/A/Resources/libGIF.dylib
0x0000000035c40000 	/System/Library/Frameworks/ImageIO.framework/Versions/A/Resources/libJP2.dylib
0x0000000035c40000 	/System/Library/Frameworks/ImageIO.framework/Versions/A/Resources/libRadiance.dylib
0x0000000035c40000 	/usr/lib/libcompression.dylib
0x0000000035c40000 	/System/Library/PrivateFrameworks/AppleJPEG.framework/Versions/A/AppleJPEG
0x0000000035c40000 	/usr/lib/libcups.2.dylib
0x0000000035c40000 	/System/Library/Frameworks/Kerberos.framework/Versions/A/Kerberos
0x0000000035c40000 	/System/Library/Frameworks/GSS.framework/Versions/A/GSS
0x0000000035c40000 	/usr/lib/libresolv.9.dylib
0x0000000035c40000 	/usr/lib/libiconv.2.dylib
0x0000000035c40000 	/System/Library/PrivateFrameworks/Heimdal.framework/Versions/A/Heimdal
0x0000000035c40000 	/usr/lib/libheimdal-asn1.dylib
0x0000000035c40000 	/System/Library/Frameworks/OpenDirectory.framework/Versions/A/OpenDirectory
0x0000000035c40000 	/System/Library/PrivateFrameworks/CommonAuth.framework/Versions/A/CommonAuth
0x0000000035c40000 	/System/Library/Frameworks/OpenDirectory.framework/Versions/A/Frameworks/CFOpenDirectory.framework/Versions/A/CFOpenDirectory
0x0000000035c40000 	/System/Library/Frameworks/SecurityFoundation.framework/Versions/A/SecurityFoundation
0x0000000035c40000 	/System/Library/PrivateFrameworks/LanguageModeling.framework/Versions/A/LanguageModeling
0x0000000035c40000 	/usr/lib/libmarisa.dylib
0x0000000035c40000 	/usr/lib/libChineseTokenizer.dylib
0x0000000035c40000 	/usr/lib/libcmph.dylib
0x0000000035c40000 	/System/Library/PrivateFrameworks/CoreEmoji.framework/Versions/A/CoreEmoji
0x0000000035c40000 	/System/Library/Frameworks/ServiceManagement.framework/Versions/A/ServiceManagement
0x0000000035c40000 	/usr/lib/libxslt.1.dylib
0x0000000035c40000 	/System/Library/Frameworks/Carbon.framework/Versions/A/Frameworks/Ink.framework/Versions/A/Ink
0x0000000035c40000 	/System/Library/PrivateFrameworks/TextureIO.framework/Versions/A/TextureIO
0x0000000035c40000 	/System/Library/Frameworks/Metal.framework/Versions/A/Metal
0x0000000035c40000 	/usr/lib/libate.dylib
0x0000000035c40000 	/System/Library/PrivateFrameworks/GPUCompiler.framework/libmetal_timestamp.dylib
0x0000000035c40000 	/System/Library/Frameworks/OpenGL.framework/Versions/A/Libraries/libCoreFSCache.dylib
0x0000000035c40000 	/System/Library/PrivateFrameworks/IOAccelerator.framework/Versions/A/IOAccelerator
0x0000000035c40000 	/System/Library/Frameworks/CoreVideo.framework/Versions/A/CoreVideo
0x0000000035c40000 	/usr/lib/libFosl_dynamic.dylib
0x0000000035c40000 	/System/Library/PrivateFrameworks/MetalPerformanceShaders.framework/Versions/A/MetalPerformanceShaders
0x0000000035c40000 	/System/Library/PrivateFrameworks/FaceCore.framework/Versions/A/FaceCore
0x0000000035c40000 	/System/Library/Frameworks/OpenCL.framework/Versions/A/OpenCL
0x0000000035c40000 	/System/Library/Frameworks/OpenGL.framework/Versions/A/Libraries/libGLU.dylib
0x0000000035c40000 	/System/Library/Frameworks/OpenGL.framework/Versions/A/Libraries/libGFXShared.dylib
0x0000000035c40000 	/System/Library/Frameworks/OpenGL.framework/Versions/A/Libraries/libGL.dylib
0x0000000035c40000 	/System/Library/Frameworks/OpenGL.framework/Versions/A/Libraries/libGLImage.dylib
0x0000000035c40000 	/System/Library/Frameworks/OpenGL.framework/Versions/A/Libraries/libCVMSPluginSupport.dylib
0x0000000035c40000 	/System/Library/Frameworks/OpenGL.framework/Versions/A/Libraries/libCoreVMClient.dylib
0x0000000035c40000 	/System/Library/PrivateFrameworks/CrashReporterSupport.framework/Versions/A/CrashReporterSupport
0x0000000035c40000 	/System/Library/PrivateFrameworks/Sharing.framework/Versions/A/Sharing
0x0000000035c40000 	/System/Library/PrivateFrameworks/IconServices.framework/Versions/A/IconServices
0x0000000035c40000 	/System/Library/PrivateFrameworks/ProtocolBuffer.framework/Versions/A/ProtocolBuffer
0x0000000035c40000 	/System/Library/PrivateFrameworks/Apple80211.framework/Versions/A/Apple80211
0x0000000035c40000 	/System/Library/Frameworks/CoreWLAN.framework/Versions/A/CoreWLAN
0x0000000035c40000 	/System/Library/PrivateFrameworks/CoreUtils.framework/Versions/A/CoreUtils
0x0000000035c40000 	/System/Library/Frameworks/IOBluetooth.framework/Versions/A/IOBluetooth
0x0000000035c40000 	/System/Library/PrivateFrameworks/CoreWiFi.framework/Versions/A/CoreWiFi
0x0000000035c40000 	/System/Library/Frameworks/CoreBluetooth.framework/Versions/A/CoreBluetooth
0x0000000035c40000 	/System/Library/Frameworks/CoreDisplay.framework/Versions/A/CoreDisplay
0x0000000035c40000 	/System/Library/PrivateFrameworks/IOPresentment.framework/Versions/A/IOPresentment
0x0000000035c40000 	/System/Library/PrivateFrameworks/DSExternalDisplay.framework/Versions/A/DSExternalDisplay
0x0000000035c40000 	/System/Library/PrivateFrameworks/DebugSymbols.framework/Versions/A/DebugSymbols
0x0000000035c40000 	/System/Library/PrivateFrameworks/CoreSymbolication.framework/Versions/A/CoreSymbolication
0x0000000035c40000 	/System/Library/PrivateFrameworks/Symbolication.framework/Versions/A/Symbolication
0x0000000035c40000 	/System/Library/PrivateFrameworks/AppleFSCompression.framework/Versions/A/AppleFSCompression
0x0000000035c40000 	/System/Library/PrivateFrameworks/SpeechRecognitionCore.framework/Versions/A/SpeechRecognitionCore
0x0000000035c40000 	/System/Library/PrivateFrameworks/ChunkingLibrary.framework/Versions/A/ChunkingLibrary
0x0000000107376000 	/Library/Java/JavaVirtualMachines/jdk1.8.0_131.jdk/Contents/Home/jre/lib/server/libjvm.dylib
0x0000000035c40000 	/usr/lib/libstdc++.6.dylib
0x0000000105ec4000 	/Library/Java/JavaVirtualMachines/jdk1.8.0_131.jdk/Contents/Home/jre/lib/libverify.dylib
0x0000000105ed2000 	/Library/Java/JavaVirtualMachines/jdk1.8.0_131.jdk/Contents/Home/jre/lib/libjava.dylib
0x0000000105f11000 	/Library/Java/JavaVirtualMachines/jdk1.8.0_131.jdk/Contents/Home/jre/lib/libzip.dylib
0x0000000105fe6000 	/System/Library/Frameworks/JavaVM.framework/Frameworks/JavaRuntimeSupport.framework/JavaRuntimeSupport
0x000000011d0cf000 	/System/Library/Frameworks/JavaVM.framework/Versions/A/Frameworks/JavaNativeFoundation.framework/Versions/A/JavaNativeFoundation
0x000000011d0e4000 	/System/Library/Frameworks/JavaVM.framework/Versions/A/JavaVM
0x0000000035c40000 	/System/Library/Frameworks/Carbon.framework/Versions/A/Carbon
0x000000011d0f1000 	/System/Library/PrivateFrameworks/JavaLaunching.framework/Versions/A/JavaLaunching
0x0000000035c40000 	/System/Library/Frameworks/Carbon.framework/Versions/A/Frameworks/CommonPanels.framework/Versions/A/CommonPanels
0x0000000035c40000 	/System/Library/Frameworks/Carbon.framework/Versions/A/Frameworks/Help.framework/Versions/A/Help
0x0000000035c40000 	/System/Library/Frameworks/Carbon.framework/Versions/A/Frameworks/ImageCapture.framework/Versions/A/ImageCapture
0x0000000035c40000 	/System/Library/Frameworks/Carbon.framework/Versions/A/Frameworks/OpenScripting.framework/Versions/A/OpenScripting
0x0000000035c40000 	/System/Library/Frameworks/Carbon.framework/Versions/A/Frameworks/Print.framework/Versions/A/Print
0x0000000035c40000 	/System/Library/Frameworks/Carbon.framework/Versions/A/Frameworks/SecurityHI.framework/Versions/A/SecurityHI
0x000000011eada000 	/private/var/folders/2g/20y9b3j15dx3cn80r_pf08300000gn/T/libjansi-64-1-2092114199557131834.13

VM Arguments:
jvm_args: -Dclassworlds.conf=/usr/local/Cellar/maven/3.5.0/libexec/bin/m2.conf -Dmaven.home=/usr/local/Cellar/maven/3.5.0/libexec -Dmaven.multiModuleProjectDirectory=/Users/ashwin/work/projects/ui-automation 
java_command: org.codehaus.plexus.classworlds.launcher.Launcher clean compile verify -Denv.Url=issuance -Dcucumber.options=/Users/ashwin/work/projects/ui-automation/Features/Synapse_TW_Flow.feature
java_class_path (initial): /usr/local/Cellar/maven/3.5.0/libexec/boot/plexus-classworlds-2.5.2.jar
Launcher Type: SUN_STANDARD

Environment Variables:
JAVA_HOME=/Library/Java/JavaVirtualMachines/jdk1.8.0_131.jdk/Contents/Home
PATH=~/bin:/usr/local/Cellar/maven/3.5.0/bin/:/Users/ashwin/Desktop/apache-jmeter-3.3/bin:/usr/local/Cellar/maven/3.5.0/bin/:/usr/local/bin:/usr/bin:/bin:/usr/sbin:/sbin:/Library/Frameworks/Mono.framework/Versions/Current/Commands
SHELL=/bin/bash

Signal Handlers:
SIGSEGV: [libjvm.dylib+0x5b1eb1], sa_mask[0]=11111111011111110111111111111111, sa_flags=SA_ONSTACK|SA_RESTART|SA_SIGINFO
SIGBUS: [libjvm.dylib+0x5b1eb1], sa_mask[0]=11111111011111110111111111111111, sa_flags=SA_RESTART|SA_SIGINFO
SIGFPE: [libjvm.dylib+0x488988], sa_mask[0]=11111111011111110111111111111111, sa_flags=SA_RESTART|SA_SIGINFO
SIGPIPE: [libjvm.dylib+0x488988], sa_mask[0]=11111111011111110111111111111111, sa_flags=SA_RESTART|SA_SIGINFO
SIGXFSZ: [libjvm.dylib+0x488988], sa_mask[0]=11111111011111110111111111111111, sa_flags=SA_RESTART|SA_SIGINFO
SIGILL: [libjvm.dylib+0x488988], sa_mask[0]=11111111011111110111111111111111, sa_flags=SA_RESTART|SA_SIGINFO
SIGUSR1: SIG_DFL, sa_mask[0]=00000000000000000000000000000000, sa_flags=none
SIGUSR2: [libjvm.dylib+0x4884a6], sa_mask[0]=00000000000000000000000000000000, sa_flags=SA_RESTART|SA_SIGINFO
SIGHUP: [libjvm.dylib+0x486a7d], sa_mask[0]=11111111011111110111111111111111, sa_flags=SA_RESTART|SA_SIGINFO
SIGINT: [libjvm.dylib+0x486a7d], sa_mask[0]=11111111011111110111111111111111, sa_flags=SA_RESTART|SA_SIGINFO
SIGTERM: [libjvm.dylib+0x486a7d], sa_mask[0]=11111111011111110111111111111111, sa_flags=SA_RESTART|SA_SIGINFO
SIGQUIT: [libjvm.dylib+0x486a7d], sa_mask[0]=11111111011111110111111111111111, sa_flags=SA_RESTART|SA_SIGINFO


---------------  S Y S T E M  ---------------

OS:Bsduname:Darwin 16.7.0 Darwin Kernel Version 16.7.0: Thu Jun 15 17:36:27 PDT 2017; root:xnu-3789.70.16~2/RELEASE_X86_64 x86_64
rlimit: STACK 8192k, CORE 0k, NPROC 709, NOFILE 10240, AS infinity
load average:1.96 2.12 2.23

CPU:total 4 (initial active 4) (2 cores per cpu, 2 threads per core) family 6 model 61 stepping 4, cmov, cx8, fxsr, mmx, sse, sse2, sse3, ssse3, sse4.1, sse4.2, popcnt, avx, avx2, aes, clmul, erms, 3dnowpref, lzcnt, ht, tsc, tscinvbit, bmi1, bmi2, adx

Memory: 4k page, physical 8388608k(61968k free)

/proc/meminfo:


vm_info: Java HotSpot(TM) 64-Bit Server VM (25.131-b11) for bsd-amd64 JRE (1.8.0_131-b11), built on Mar 15 2017 01:32:22 by "java_re" with gcc 4.2.1 (Based on Apple Inc. build 5658) (LLVM build 2336.11.00)

time: Wed Dec  6 20:26:22 2017
elapsed time: 0 seconds (0d 0h 0m 0s)

